#
# There is insufficient memory for the Java Runtime Environment to continue.
# Native memory allocation (malloc) failed to allocate 2097152 bytes for AllocateHeap
# Possible reasons:
#   The system is out of physical RAM or swap space
#   The process is running with CompressedOops enabled, and the Java Heap may be blocking the growth of the native heap
# Possible solutions:
#   Reduce memory load on the system
#   Increase physical memory or swap space
#   Check if swap backing store is full
#   Decrease Java heap size (-Xmx/-Xms)
#   Decrease number of Java threads
#   Decrease Java thread stack sizes (-Xss)
#   Set larger code cache with -XX:ReservedCodeCacheSize=
#   JVM is running with Zero Based Compressed Oops mode in which the Java heap is
#     placed in the first 32GB address space. The Java Heap base address is the
#     maximum limit for the native heap growth. Please use -XX:HeapBaseMinAddress
#     to set the Java Heap base and to place the Java Heap above 32GB virtual address.
# This output file may be truncated or incomplete.
#
#  Out of Memory Error (allocation.cpp:44), pid=15892, tid=4952
#
# JRE version: OpenJDK Runtime Environment Temurin-17.0.4.1+1 (17.0.4.1+1) (build 17.0.4.1+1)
# Java VM: OpenJDK 64-Bit Server VM Temurin-17.0.4.1+1 (17.0.4.1+1, mixed mode, emulated-client, tiered, compressed oops, compressed class ptrs, g1 gc, windows-amd64)
# No core dump will be written. Minidumps are not enabled by default on client versions of Windows
#

---------------  S U M M A R Y ------------

Command Line: -Dsts.lsp.client=vscode -Dsts.log.file=/dev/null -XX:TieredStopAtLevel=1 -Xlog:jni+resolve=off -Dspring.config.location=file:c:\Users\Juju\.vscode\extensions\pivotal.vscode-spring-boot-1.40.0\language-server\BOOT-INF\classes\application.properties org.springframework.ide.vscode.boot.app.BootLanguageServerBootApp

Host: AMD Ryzen 7 5700G with Radeon Graphics         , 16 cores, 23G,  Windows 11 , 64 bit Build 22621 (10.0.22621.608)
Time: Thu Oct 27 18:42:44 2022 Hora oficial do Brasil elapsed time: 29356.370565 seconds (0d 8h 9m 16s)

---------------  T H R E A D  ---------------

Current thread (0x0000021a310206d0):  VMThread "VM Thread" [stack: 0x0000007e0e000000,0x0000007e0e100000] [id=4952]

Stack: [0x0000007e0e000000,0x0000007e0e100000]
Native frames: (J=compiled Java code, j=interpreted, Vv=VM code, C=native code)
V  [jvm.dll+0x67731a]
V  [jvm.dll+0x832284]
V  [jvm.dll+0x833a2e]
V  [jvm.dll+0x834093]
V  [jvm.dll+0x245775]
V  [jvm.dll+0xa6393]
V  [jvm.dll+0x2f59c1]
V  [jvm.dll+0x2f1640]
V  [jvm.dll+0x2d9d27]
V  [jvm.dll+0x31ce37]
V  [jvm.dll+0x83853b]
V  [jvm.dll+0x839274]
V  [jvm.dll+0x83978c]
V  [jvm.dll+0x839b64]
V  [jvm.dll+0x839c30]
V  [jvm.dll+0x7e240a]
V  [jvm.dll+0x6761a5]
C  [ucrtbase.dll+0x29363]
C  [KERNEL32.DLL+0x1244d]
C  [ntdll.dll+0x5df78]

VM_Operation (0x0000007e100fee80): G1CollectFull, mode: safepoint, requested by thread 0x0000021a32c2e620


---------------  P R O C E S S  ---------------

Threads class SMR info:
_java_thread_list=0x0000021a33630e30, length=34, elements={
0x0000021a310380e0, 0x0000021a3103abb0, 0x0000021a310786a0, 0x0000021a31078f60,
0x0000021a3107bc30, 0x0000021a3107e910, 0x0000021a310811e0, 0x0000021a31084fe0,
0x0000021a31296e60, 0x0000021a312a2360, 0x0000021a32ff6840, 0x0000021a32c2e620,
0x0000021a3326a030, 0x0000021a19516b10, 0x0000021a332af900, 0x0000021a310d9dc0,
0x0000021a31a6f690, 0x0000021a332dd050, 0x0000021a332ebae0, 0x0000021a332f1ff0,
0x0000021a332ec480, 0x0000021a332eb610, 0x0000021a332ec950, 0x0000021a332eeb00,
0x0000021a332eac70, 0x0000021a332f0cb0, 0x0000021a332f07e0, 0x0000021a332ee630,
0x0000021a332edc90, 0x0000021a332ef970, 0x0000021a332ee160, 0x0000021a332ed2f0,
0x0000021a332ece20, 0x0000021a332eefd0
}

Java Threads: ( => current thread )
  0x0000021a310380e0 JavaThread "Reference Handler" daemon [_thread_blocked, id=17196, stack(0x0000007e0e100000,0x0000007e0e200000)]
  0x0000021a3103abb0 JavaThread "Finalizer" daemon [_thread_blocked, id=10484, stack(0x0000007e0e200000,0x0000007e0e300000)]
  0x0000021a310786a0 JavaThread "Signal Dispatcher" daemon [_thread_blocked, id=17524, stack(0x0000007e0e300000,0x0000007e0e400000)]
  0x0000021a31078f60 JavaThread "Attach Listener" daemon [_thread_blocked, id=16956, stack(0x0000007e0e400000,0x0000007e0e500000)]
  0x0000021a3107bc30 JavaThread "Service Thread" daemon [_thread_blocked, id=2444, stack(0x0000007e0e500000,0x0000007e0e600000)]
  0x0000021a3107e910 JavaThread "Monitor Deflation Thread" daemon [_thread_blocked, id=17052, stack(0x0000007e0e600000,0x0000007e0e700000)]
  0x0000021a310811e0 JavaThread "C1 CompilerThread0" daemon [_thread_blocked, id=4760, stack(0x0000007e0e700000,0x0000007e0e800000)]
  0x0000021a31084fe0 JavaThread "Sweeper thread" daemon [_thread_blocked, id=16296, stack(0x0000007e0e800000,0x0000007e0e900000)]
  0x0000021a31296e60 JavaThread "Notification Thread" daemon [_thread_blocked, id=14352, stack(0x0000007e0ea00000,0x0000007e0eb00000)]
  0x0000021a312a2360 JavaThread "Common-Cleaner" daemon [_thread_blocked, id=16492, stack(0x0000007e0ec00000,0x0000007e0ed00000)]
  0x0000021a32ff6840 JavaThread "boundedElastic-evictor-1" daemon [_thread_blocked, id=1448, stack(0x0000007e0ff00000,0x0000007e10000000)]
  0x0000021a32c2e620 JavaThread "pool-9-thread-1" [_thread_blocked, id=15432, stack(0x0000007e10000000,0x0000007e10100000)]
  0x0000021a3326a030 JavaThread "LanguageServerApp-lifecycle" [_thread_blocked, id=13760, stack(0x0000007e10100000,0x0000007e10200000)]
  0x0000021a19516b10 JavaThread "DestroyJavaVM" [_thread_blocked, id=2872, stack(0x0000007e0da00000,0x0000007e0db00000)]
  0x0000021a332af900 JavaThread "pool-10-thread-1" [_thread_in_native, id=11100, stack(0x0000007e10200000,0x0000007e10300000)]
  0x0000021a310d9dc0 JavaThread "Simple-Language-Server main thread" daemon [_thread_blocked, id=7700, stack(0x0000007e10300000,0x0000007e10400000)]
  0x0000021a31a6f690 JavaThread "parallel-1" daemon [_thread_blocked, id=14904, stack(0x0000007e10500000,0x0000007e10600000)]
  0x0000021a332dd050 JavaThread "parallel-2" daemon [_thread_blocked, id=9012, stack(0x0000007e10700000,0x0000007e10800000)]
  0x0000021a332ebae0 JavaThread "Reconciler-1" daemon [_thread_blocked, id=6204, stack(0x0000007e11f00000,0x0000007e12000000)]
  0x0000021a332f1ff0 JavaThread "pool-5-thread-1" [_thread_blocked, id=19312, stack(0x0000007e12700000,0x0000007e12800000)]
  0x0000021a332ec480 JavaThread "parallel-3" daemon [_thread_blocked, id=5032, stack(0x0000007e12800000,0x0000007e12900000)]
  0x0000021a332eb610 JavaThread "parallel-4" daemon [_thread_blocked, id=6096, stack(0x0000007e10900000,0x0000007e10a00000)]
  0x0000021a332ec950 JavaThread "parallel-5" daemon [_thread_blocked, id=6552, stack(0x0000007e0e900000,0x0000007e0ea00000)]
  0x0000021a332eeb00 JavaThread "parallel-6" daemon [_thread_blocked, id=7680, stack(0x0000007e0ee00000,0x0000007e0ef00000)]
  0x0000021a332eac70 JavaThread "parallel-7" daemon [_thread_blocked, id=9408, stack(0x0000007e0f700000,0x0000007e0f800000)]
  0x0000021a332f0cb0 JavaThread "parallel-8" daemon [_thread_blocked, id=9292, stack(0x0000007e0f800000,0x0000007e0f900000)]
  0x0000021a332f07e0 JavaThread "parallel-9" daemon [_thread_blocked, id=2992, stack(0x0000007e10400000,0x0000007e10500000)]
  0x0000021a332ee630 JavaThread "parallel-10" daemon [_thread_blocked, id=1840, stack(0x0000007e10600000,0x0000007e10700000)]
  0x0000021a332edc90 JavaThread "parallel-11" daemon [_thread_blocked, id=19068, stack(0x0000007e10800000,0x0000007e10900000)]
  0x0000021a332ef970 JavaThread "parallel-12" daemon [_thread_blocked, id=5516, stack(0x0000007e10a00000,0x0000007e10b00000)]
  0x0000021a332ee160 JavaThread "parallel-13" daemon [_thread_blocked, id=10132, stack(0x0000007e10b00000,0x0000007e10c00000)]
  0x0000021a332ed2f0 JavaThread "parallel-14" daemon [_thread_blocked, id=16048, stack(0x0000007e10c00000,0x0000007e10d00000)]
  0x0000021a332ece20 JavaThread "parallel-15" daemon [_thread_blocked, id=16496, stack(0x0000007e10d00000,0x0000007e10e00000)]
  0x0000021a332eefd0 JavaThread "parallel-16" daemon [_thread_blocked, id=8800, stack(0x0000007e10e00000,0x0000007e10f00000)]

Other Threads:
=>0x0000021a310206d0 VMThread "VM Thread" [stack: 0x0000007e0e000000,0x0000007e0e100000] [id=4952]
  0x0000021a3125a060 WatcherThread [stack: 0x0000007e0eb00000,0x0000007e0ec00000] [id=5312]
  0x0000021a1959e4c0 GCTaskThread "GC Thread#0" [stack: 0x0000007e0db00000,0x0000007e0dc00000] [id=17368]
  0x0000021a31b7d670 GCTaskThread "GC Thread#1" [stack: 0x0000007e0ef00000,0x0000007e0f000000] [id=5332]
  0x0000021a31b7d920 GCTaskThread "GC Thread#2" [stack: 0x0000007e0f000000,0x0000007e0f100000] [id=2116]
  0x0000021a31b7dbd0 GCTaskThread "GC Thread#3" [stack: 0x0000007e0f100000,0x0000007e0f200000] [id=17320]
  0x0000021a31b7de80 GCTaskThread "GC Thread#4" [stack: 0x0000007e0f200000,0x0000007e0f300000] [id=18460]
  0x0000021a31b7e130 GCTaskThread "GC Thread#5" [stack: 0x0000007e0f300000,0x0000007e0f400000] [id=17172]
  0x0000021a31b7e3e0 GCTaskThread "GC Thread#6" [stack: 0x0000007e0f400000,0x0000007e0f500000] [id=18148]
  0x0000021a319755d0 GCTaskThread "GC Thread#7" [stack: 0x0000007e0f500000,0x0000007e0f600000] [id=17648]
  0x0000021a31975880 GCTaskThread "GC Thread#8" [stack: 0x0000007e0f600000,0x0000007e0f700000] [id=20176]
  0x0000021a32c65630 GCTaskThread "GC Thread#9" [stack: 0x0000007e0fa00000,0x0000007e0fb00000] [id=15660]
  0x0000021a32c658e0 GCTaskThread "GC Thread#10" [stack: 0x0000007e0fb00000,0x0000007e0fc00000] [id=4924]
  0x0000021a32c65b90 GCTaskThread "GC Thread#11" [stack: 0x0000007e0fc00000,0x0000007e0fd00000] [id=9240]
  0x0000021a32f73890 GCTaskThread "GC Thread#12" [stack: 0x0000007e0f900000,0x0000007e0fa00000] [id=20220]
  0x0000021a195aaef0 ConcurrentGCThread "G1 Main Marker" [stack: 0x0000007e0dc00000,0x0000007e0dd00000] [id=16100]
  0x0000021a195acfc0 ConcurrentGCThread "G1 Conc#0" [stack: 0x0000007e0dd00000,0x0000007e0de00000] [id=16336]
  0x0000021a32c51180 ConcurrentGCThread "G1 Conc#1" [stack: 0x0000007e0fd00000,0x0000007e0fe00000] [id=9224]
  0x0000021a32c4a5c0 ConcurrentGCThread "G1 Conc#2" [stack: 0x0000007e0fe00000,0x0000007e0ff00000] [id=16772]
  0x0000021a195de980 ConcurrentGCThread "G1 Refine#0" [stack: 0x0000007e0de00000,0x0000007e0df00000] [id=17288]
  0x0000021a32e04130 ConcurrentGCThread "G1 Refine#1" [stack: 0x0000007e12000000,0x0000007e12100000] [id=20072]
  0x0000021a3330d9f0 ConcurrentGCThread "G1 Refine#2" [stack: 0x0000007e12100000,0x0000007e12200000] [id=19856]
  0x0000021a3376bbf0 ConcurrentGCThread "G1 Refine#3" [stack: 0x0000007e12200000,0x0000007e12300000] [id=15404]
  0x0000021a35118c50 ConcurrentGCThread "G1 Refine#4" [stack: 0x0000007e12300000,0x0000007e12400000] [id=13664]
  0x0000021a3343ea40 ConcurrentGCThread "G1 Refine#5" [stack: 0x0000007e12400000,0x0000007e12500000] [id=6008]
  0x0000021a350c2390 ConcurrentGCThread "G1 Refine#6" [stack: 0x0000007e12500000,0x0000007e12600000] [id=17940]
  0x0000021a350c20b0 ConcurrentGCThread "G1 Refine#7" [stack: 0x0000007e12a00000,0x0000007e12b00000] [id=5820]
  0x0000021a350c2670 ConcurrentGCThread "G1 Refine#8" [stack: 0x0000007e12b00000,0x0000007e12c00000] [id=11576]
  0x0000021a350c1dd0 ConcurrentGCThread "G1 Refine#9" [stack: 0x0000007e12c00000,0x0000007e12d00000] [id=3728]
  0x0000021a30289960 ConcurrentGCThread "G1 Service" [stack: 0x0000007e0df00000,0x0000007e0e000000] [id=1136]

Threads with active compile tasks:

VM state: at safepoint (normal execution)

VM Mutex/Monitor currently owned by a thread:  ([mutex/lock_event])
[0x0000021a171fd820] Threads_lock - owner thread: 0x0000021a310206d0
[0x0000021a19514770] Heap_lock - owner thread: 0x0000021a32c2e620

Heap address: 0x000000068b000000, size: 5968 MB, Compressed Oops mode: Zero based, Oop shift amount: 3

CDS archive(s) not mapped
Compressed class space mapped at: 0x0000000800000000-0x0000000840000000, reserved size: 1073741824
Narrow klass base: 0x0000000800000000, Narrow klass shift: 0, Narrow klass range: 0x40000000

GC Precious Log:
 CPUs: 16 total, 16 available
 Memory: 23857M
 Large Page Support: Disabled
 NUMA Support: Disabled
 Compressed Oops: Enabled (Zero based)
 Heap Region Size: 4M
 Heap Min Capacity: 8M
 Heap Initial Capacity: 376M
 Heap Max Capacity: 5968M
 Pre-touch: Disabled
 Parallel Workers: 13
 Concurrent Workers: 3
 Concurrent Refinement Workers: 13
 Periodic GC: Disabled

Heap:
 garbage-first heap   total 98304K, used 27333K [0x000000068b000000, 0x0000000800000000)
  region size 4096K, 1 young (4096K), 0 survivors (0K)
 Metaspace       used 47065K, committed 47424K, reserved 1089536K
  class space    used 6407K, committed 6528K, reserved 1048576K

Heap Regions: E=young(eden), S=young(survivor), O=old, HS=humongous(starts), HC=humongous(continues), CS=collection set, F=free, OA=open archive, CA=closed archive, TAMS=top-at-mark-start (previous, next)
|   0|0x000000068b000000, 0x000000068b400000, 0x000000068b400000|100%| O|  |TAMS 0x000000068b400000, 0x000000068b000000| Untracked 
|   1|0x000000068b400000, 0x000000068b800000, 0x000000068b800000|100%| O|  |TAMS 0x000000068b800000, 0x000000068b400000| Untracked 
|   2|0x000000068b800000, 0x000000068bbfffb8, 0x000000068bc00000| 99%| O|  |TAMS 0x000000068bbfffb8, 0x000000068b800000| Untracked 
|   3|0x000000068bc00000, 0x000000068bffffe0, 0x000000068c000000| 99%| O|  |TAMS 0x000000068bffffe0, 0x000000068bc00000| Untracked 
|   4|0x000000068c000000, 0x000000068c400000, 0x000000068c400000|100%| O|  |TAMS 0x000000068c400000, 0x000000068c000000| Untracked 
|   5|0x000000068c400000, 0x000000068c7fac60, 0x000000068c800000| 99%| O|  |TAMS 0x000000068c7fac60, 0x000000068c400000| Untracked 
|   6|0x000000068c800000, 0x000000068ca5ef80, 0x000000068cc00000| 59%| O|  |TAMS 0x000000068c800000, 0x000000068c800000| Untracked 
|   7|0x000000068cc00000, 0x000000068cc57a38, 0x000000068d000000|  8%| O|  |TAMS 0x000000068cc00000, 0x000000068cc00000| Untracked 
|   8|0x000000068d000000, 0x000000068d000000, 0x000000068d400000|  0%| F|  |TAMS 0x000000068d000000, 0x000000068d000000| Untracked 
|   9|0x000000068d400000, 0x000000068d400000, 0x000000068d800000|  0%| F|  |TAMS 0x000000068d400000, 0x000000068d400000| Untracked 
|  10|0x000000068d800000, 0x000000068d800000, 0x000000068dc00000|  0%| F|  |TAMS 0x000000068d800000, 0x000000068d800000| Untracked 
|  11|0x000000068dc00000, 0x000000068dc00000, 0x000000068e000000|  0%| F|  |TAMS 0x000000068dc00000, 0x000000068dc00000| Untracked 
|  12|0x000000068e000000, 0x000000068e000000, 0x000000068e400000|  0%| F|  |TAMS 0x000000068e000000, 0x000000068e000000| Untracked 
|  13|0x000000068e400000, 0x000000068e400000, 0x000000068e800000|  0%| F|  |TAMS 0x000000068e400000, 0x000000068e400000| Untracked 
|  14|0x000000068e800000, 0x000000068e800000, 0x000000068ec00000|  0%| F|  |TAMS 0x000000068e800000, 0x000000068e800000| Untracked 
|  15|0x000000068ec00000, 0x000000068ec00000, 0x000000068f000000|  0%| F|  |TAMS 0x000000068ec00000, 0x000000068ec00000| Untracked 
|  16|0x000000068f000000, 0x000000068f000000, 0x000000068f400000|  0%| F|  |TAMS 0x000000068f000000, 0x000000068f000000| Untracked 
|  17|0x000000068f400000, 0x000000068f400000, 0x000000068f800000|  0%| F|  |TAMS 0x000000068f400000, 0x000000068f400000| Untracked 
|  18|0x000000068f800000, 0x000000068f800000, 0x000000068fc00000|  0%| F|  |TAMS 0x000000068f800000, 0x000000068f800000| Untracked 
|  19|0x000000068fc00000, 0x000000068fc00000, 0x0000000690000000|  0%| F|  |TAMS 0x000000068fc00000, 0x000000068fc00000| Untracked 
|  20|0x0000000690000000, 0x0000000690000000, 0x0000000690400000|  0%| F|  |TAMS 0x0000000690000000, 0x0000000690000000| Untracked 
|  21|0x0000000690400000, 0x0000000690400000, 0x0000000690800000|  0%| F|  |TAMS 0x0000000690400000, 0x0000000690400000| Untracked 
|  22|0x0000000690800000, 0x0000000690800000, 0x0000000690c00000|  0%| F|  |TAMS 0x0000000690800000, 0x0000000690800000| Untracked 
|  23|0x0000000690c00000, 0x0000000690c21cd8, 0x0000000691000000|  3%| E|  |TAMS 0x0000000690c00000, 0x0000000690c00000| Complete 

Card table byte_map: [0x0000021a203c0000,0x0000021a20f70000] _byte_map_base: 0x0000021a1cf68000

Marking Bits (Prev, Next): (CMBitMap*) 0x0000021a1959e9e0, (CMBitMap*) 0x0000021a1959ea20
 Prev Bits: [0x0000021a21b20000, 0x0000021a27860000)
 Next Bits: [0x0000021a27860000, 0x0000021a2d5a0000)

Polling page: 0x0000021a174a0000

Metaspace:

Usage:
  Non-class:     39.70 MB used.
      Class:      6.26 MB used.
       Both:     45.96 MB used.

Virtual space:
  Non-class space:       40.00 MB reserved,      39.94 MB (>99%) committed,  5 nodes.
      Class space:        1.00 GB reserved,       6.38 MB ( <1%) committed,  1 nodes.
             Both:        1.04 GB reserved,      46.31 MB (  4%) committed. 

Chunk freelists:
   Non-Class:  46.00 KB
       Class:  1.65 MB
        Both:  1.69 MB

MaxMetaspaceSize: unlimited
CompressedClassSpaceSize: 1.00 GB
Initial GC threshold: 21.00 MB
Current GC threshold: 77.19 MB
CDS: off
MetaspaceReclaimPolicy: balanced
 - commit_granule_bytes: 65536.
 - commit_granule_words: 8192.
 - virtual_space_node_default_size: 1048576.
 - enlarge_chunks_in_place: 1.
 - new_chunks_are_fully_committed: 0.
 - uncommit_free_chunks: 1.
 - use_allocation_guard: 0.
 - handle_deallocations: 1.


Internal statistics:

num_allocs_failed_limit: 8.
num_arena_births: 486.
num_arena_deaths: 124.
num_vsnodes_births: 6.
num_vsnodes_deaths: 0.
num_space_committed: 741.
num_space_uncommitted: 0.
num_chunks_returned_to_freelist: 148.
num_chunks_taken_from_freelist: 1972.
num_chunk_merges: 49.
num_chunk_splits: 1336.
num_chunks_enlarged: 1052.
num_purges: 8.
num_inconsistent_stats: 0.

CodeCache: size=49152Kb used=12378Kb max_used=16026Kb free=36773Kb
 bounds [0x0000021a1c1a0000, 0x0000021a1d150000, 0x0000021a1f1a0000]
 total_blobs=7151 nmethods=6586 adapters=492
 compilation: enabled
              stopped_count=0, restarted_count=0
 full_count=0

Compilation events (20 events):
Event: 9576.036 Thread 0x0000021a318dfa00 nmethod 6576 0x0000021a1cbfc310 code [0x0000021a1cbfc4a0, 0x0000021a1cbfc5c8]
Event: 9576.037 Thread 0x0000021a319d61b0 nmethod 6575 0x0000021a1cbfbe90 code [0x0000021a1cbfc040, 0x0000021a1cbfc1c8]
Event: 9576.037 Thread 0x0000021a310811e0 nmethod 6578 0x0000021a1cbfba10 code [0x0000021a1cbfbba0, 0x0000021a1cbfbd78]
Event: 9576.037 Thread 0x0000021a33446e30 nmethod 6577 0x0000021a1cbfb190 code [0x0000021a1cbfb360, 0x0000021a1cbfb728]
Event: 12294.426 Thread 0x0000021a310811e0 6579       1       java.util.concurrent.CompletableFuture::thenAccept (7 bytes)
Event: 12294.426 Thread 0x0000021a310811e0 nmethod 6579 0x0000021a1cbfae90 code [0x0000021a1cbfb020, 0x0000021a1cbfb108]
Event: 12294.426 Thread 0x0000021a310811e0 6580       1       java.util.concurrent.CompletableFuture::uniAcceptStage (54 bytes)
Event: 12294.427 Thread 0x0000021a310811e0 nmethod 6580 0x0000021a1cbfa710 code [0x0000021a1cbfa8e0, 0x0000021a1cbfad48]
Event: 12335.045 Thread 0x0000021a310811e0 6581       1       ch.qos.logback.classic.pattern.TargetLengthBasedClassNameAbbreviator::abbreviate (154 bytes)
Event: 12335.046 Thread 0x0000021a310811e0 nmethod 6581 0x0000021a1cbf9990 code [0x0000021a1cbf9bc0, 0x0000021a1cbfa2f8]
Event: 26624.599 Thread 0x0000021a310811e0 6582       1       java.util.concurrent.ForkJoinPool::scan (235 bytes)
Event: 26624.603 Thread 0x0000021a310811e0 nmethod 6582 0x0000021a1cbf8410 code [0x0000021a1cbf86a0, 0x0000021a1cbf9238]
Event: 26639.716 Thread 0x0000021a310811e0 6583   !   1       java.util.concurrent.CompletableFuture$UniAccept::tryFire (149 bytes)
Event: 26639.718 Thread 0x0000021a310811e0 nmethod 6583 0x0000021a1cbf6990 code [0x0000021a1cbf6ca0, 0x0000021a1cbf7c68]
Event: 26639.737 Thread 0x0000021a310811e0 6584   !   1       jdk.internal.reflect.GeneratedConstructorAccessor29::newInstance (49 bytes)
Event: 26639.737 Thread 0x0000021a310811e0 nmethod 6584 0x0000021a1cbf6390 code [0x0000021a1cbf6540, 0x0000021a1cbf67c8]
Event: 28907.521 Thread 0x0000021a310811e0 6585       1       java.util.Locale::getLanguage (8 bytes)
Event: 28907.521 Thread 0x0000021a310811e0 nmethod 6585 0x0000021a1cbf6090 code [0x0000021a1cbf6220, 0x0000021a1cbf62f8]
Event: 28907.523 Thread 0x0000021a310811e0 6586       1       java.util.Properties::saveConvert (383 bytes)
Event: 28907.525 Thread 0x0000021a310811e0 nmethod 6586 0x0000021a1cbf4d90 code [0x0000021a1cbf5080, 0x0000021a1cbf5a08]

GC Heap History (20 events):
Event: 29255.191 GC heap before
{Heap before GC invocations=2837 (full 2814):
 garbage-first heap   total 98304K, used 27333K [0x000000068b000000, 0x0000000800000000)
  region size 4096K, 1 young (4096K), 0 survivors (0K)
 Metaspace       used 47065K, committed 47424K, reserved 1089536K
  class space    used 6407K, committed 6528K, reserved 1048576K
}
Event: 29255.216 GC heap after
{Heap after GC invocations=2838 (full 2815):
 garbage-first heap   total 98304K, used 27333K [0x000000068b000000, 0x0000000800000000)
  region size 4096K, 0 young (0K), 0 survivors (0K)
 Metaspace       used 47065K, committed 47424K, reserved 1089536K
  class space    used 6407K, committed 6528K, reserved 1048576K
}
Event: 29265.293 GC heap before
{Heap before GC invocations=2838 (full 2815):
 garbage-first heap   total 98304K, used 27333K [0x000000068b000000, 0x0000000800000000)
  region size 4096K, 1 young (4096K), 0 survivors (0K)
 Metaspace       used 47065K, committed 47424K, reserved 1089536K
  class space    used 6407K, committed 6528K, reserved 1048576K
}
Event: 29265.315 GC heap after
{Heap after GC invocations=2839 (full 2816):
 garbage-first heap   total 98304K, used 27333K [0x000000068b000000, 0x0000000800000000)
  region size 4096K, 0 young (0K), 0 survivors (0K)
 Metaspace       used 47065K, committed 47424K, reserved 1089536K
  class space    used 6407K, committed 6528K, reserved 1048576K
}
Event: 29275.406 GC heap before
{Heap before GC invocations=2839 (full 2816):
 garbage-first heap   total 98304K, used 27333K [0x000000068b000000, 0x0000000800000000)
  region size 4096K, 1 young (4096K), 0 survivors (0K)
 Metaspace       used 47065K, committed 47424K, reserved 1089536K
  class space    used 6407K, committed 6528K, reserved 1048576K
}
Event: 29275.429 GC heap after
{Heap after GC invocations=2840 (full 2817):
 garbage-first heap   total 98304K, used 27333K [0x000000068b000000, 0x0000000800000000)
  region size 4096K, 0 young (0K), 0 survivors (0K)
 Metaspace       used 47065K, committed 47424K, reserved 1089536K
  class space    used 6407K, committed 6528K, reserved 1048576K
}
Event: 29285.509 GC heap before
{Heap before GC invocations=2840 (full 2817):
 garbage-first heap   total 98304K, used 27333K [0x000000068b000000, 0x0000000800000000)
  region size 4096K, 1 young (4096K), 0 survivors (0K)
 Metaspace       used 47065K, committed 47424K, reserved 1089536K
  class space    used 6407K, committed 6528K, reserved 1048576K
}
Event: 29285.533 GC heap after
{Heap after GC invocations=2841 (full 2818):
 garbage-first heap   total 98304K, used 27333K [0x000000068b000000, 0x0000000800000000)
  region size 4096K, 0 young (0K), 0 survivors (0K)
 Metaspace       used 47065K, committed 47424K, reserved 1089536K
  class space    used 6407K, committed 6528K, reserved 1048576K
}
Event: 29295.614 GC heap before
{Heap before GC invocations=2841 (full 2818):
 garbage-first heap   total 98304K, used 27333K [0x000000068b000000, 0x0000000800000000)
  region size 4096K, 1 young (4096K), 0 survivors (0K)
 Metaspace       used 47065K, committed 47424K, reserved 1089536K
  class space    used 6407K, committed 6528K, reserved 1048576K
}
Event: 29295.636 GC heap after
{Heap after GC invocations=2842 (full 2819):
 garbage-first heap   total 98304K, used 27333K [0x000000068b000000, 0x0000000800000000)
  region size 4096K, 0 young (0K), 0 survivors (0K)
 Metaspace       used 47065K, committed 47424K, reserved 1089536K
  class space    used 6407K, committed 6528K, reserved 1048576K
}
Event: 29305.711 GC heap before
{Heap before GC invocations=2842 (full 2819):
 garbage-first heap   total 98304K, used 27333K [0x000000068b000000, 0x0000000800000000)
  region size 4096K, 1 young (4096K), 0 survivors (0K)
 Metaspace       used 47065K, committed 47424K, reserved 1089536K
  class space    used 6407K, committed 6528K, reserved 1048576K
}
Event: 29305.735 GC heap after
{Heap after GC invocations=2843 (full 2820):
 garbage-first heap   total 98304K, used 27333K [0x000000068b000000, 0x0000000800000000)
  region size 4096K, 0 young (0K), 0 survivors (0K)
 Metaspace       used 47065K, committed 47424K, reserved 1089536K
  class space    used 6407K, committed 6528K, reserved 1048576K
}
Event: 29315.819 GC heap before
{Heap before GC invocations=2843 (full 2820):
 garbage-first heap   total 98304K, used 27333K [0x000000068b000000, 0x0000000800000000)
  region size 4096K, 1 young (4096K), 0 survivors (0K)
 Metaspace       used 47065K, committed 47424K, reserved 1089536K
  class space    used 6407K, committed 6528K, reserved 1048576K
}
Event: 29315.841 GC heap after
{Heap after GC invocations=2844 (full 2821):
 garbage-first heap   total 98304K, used 27333K [0x000000068b000000, 0x0000000800000000)
  region size 4096K, 0 young (0K), 0 survivors (0K)
 Metaspace       used 47065K, committed 47424K, reserved 1089536K
  class space    used 6407K, committed 6528K, reserved 1048576K
}
Event: 29325.943 GC heap before
{Heap before GC invocations=2844 (full 2821):
 garbage-first heap   total 98304K, used 27333K [0x000000068b000000, 0x0000000800000000)
  region size 4096K, 1 young (4096K), 0 survivors (0K)
 Metaspace       used 47065K, committed 47424K, reserved 1089536K
  class space    used 6407K, committed 6528K, reserved 1048576K
}
Event: 29325.971 GC heap after
{Heap after GC invocations=2845 (full 2822):
 garbage-first heap   total 98304K, used 27333K [0x000000068b000000, 0x0000000800000000)
  region size 4096K, 0 young (0K), 0 survivors (0K)
 Metaspace       used 47065K, committed 47424K, reserved 1089536K
  class space    used 6407K, committed 6528K, reserved 1048576K
}
Event: 29336.104 GC heap before
{Heap before GC invocations=2845 (full 2822):
 garbage-first heap   total 98304K, used 27333K [0x000000068b000000, 0x0000000800000000)
  region size 4096K, 1 young (4096K), 0 survivors (0K)
 Metaspace       used 47065K, committed 47424K, reserved 1089536K
  class space    used 6407K, committed 6528K, reserved 1048576K
}
Event: 29336.134 GC heap after
{Heap after GC invocations=2846 (full 2823):
 garbage-first heap   total 98304K, used 27333K [0x000000068b000000, 0x0000000800000000)
  region size 4096K, 0 young (0K), 0 survivors (0K)
 Metaspace       used 47065K, committed 47424K, reserved 1089536K
  class space    used 6407K, committed 6528K, reserved 1048576K
}
Event: 29346.304 GC heap before
{Heap before GC invocations=2846 (full 2823):
 garbage-first heap   total 98304K, used 27333K [0x000000068b000000, 0x0000000800000000)
  region size 4096K, 1 young (4096K), 0 survivors (0K)
 Metaspace       used 47065K, committed 47424K, reserved 1089536K
  class space    used 6407K, committed 6528K, reserved 1048576K
}
Event: 29346.339 GC heap after
{Heap after GC invocations=2847 (full 2824):
 garbage-first heap   total 98304K, used 27333K [0x000000068b000000, 0x0000000800000000)
  region size 4096K, 0 young (0K), 0 survivors (0K)
 Metaspace       used 47065K, committed 47424K, reserved 1089536K
  class space    used 6407K, committed 6528K, reserved 1048576K
}

Deoptimization events (20 events):
Event: 5.352 Thread 0x0000021a3117dbe0 DEOPT UNPACKING pc=0x0000021a1c1f2b43 sp=0x0000007e108fdf58 mode 3
Event: 5.352 Thread 0x0000021a31ac17b0 DEOPT UNPACKING pc=0x0000021a1c1f2b43 sp=0x0000007e106fe3b8 mode 3
Event: 5.735 Thread 0x0000021a310d9dc0 DEOPT PACKING pc=0x0000021a1ca1d314 sp=0x0000007e103fc170
Event: 5.735 Thread 0x0000021a310d9dc0 DEOPT UNPACKING pc=0x0000021a1c1f2b43 sp=0x0000007e103fb6b0 mode 0
Event: 6.116 Thread 0x0000021a3117cd70 DEOPT PACKING pc=0x0000021a1ccb8b04 sp=0x0000007e10cfeeb0
Event: 6.116 Thread 0x0000021a3117cd70 DEOPT UNPACKING pc=0x0000021a1c1f2b43 sp=0x0000007e10cfe348 mode 0
Event: 8.064 Thread 0x0000021a310da290 DEOPT PACKING pc=0x0000021a1c814662 sp=0x0000007e104fd650
Event: 8.064 Thread 0x0000021a310da290 DEOPT UNPACKING pc=0x0000021a1c1f2b43 sp=0x0000007e104fcb58 mode 3
Event: 8.336 Thread 0x0000021a310da290 DEOPT PACKING pc=0x0000021a1d0bbb3c sp=0x0000007e104fdeb0
Event: 8.336 Thread 0x0000021a310da290 DEOPT UNPACKING pc=0x0000021a1c1f2b43 sp=0x0000007e104fd3a8 mode 0
Event: 8.336 Thread 0x0000021a310da290 DEOPT PACKING pc=0x0000021a1cf78134 sp=0x0000007e104fdf80
Event: 8.336 Thread 0x0000021a310da290 DEOPT UNPACKING pc=0x0000021a1c1f2b43 sp=0x0000007e104fd458 mode 0
Event: 8.336 Thread 0x0000021a310da290 DEOPT PACKING pc=0x0000021a1cf72efc sp=0x0000007e104fe030
Event: 8.336 Thread 0x0000021a310da290 DEOPT UNPACKING pc=0x0000021a1c1f2b43 sp=0x0000007e104fd5b0 mode 0
Event: 8.336 Thread 0x0000021a310da290 DEOPT PACKING pc=0x0000021a1d0c561c sp=0x0000007e104fe330
Event: 8.336 Thread 0x0000021a310da290 DEOPT UNPACKING pc=0x0000021a1c1f2b43 sp=0x0000007e104fd7c0 mode 0
Event: 8.430 Thread 0x0000021a310da290 DEOPT PACKING pc=0x0000021a1d140655 sp=0x0000007e104fedd0
Event: 8.430 Thread 0x0000021a310da290 DEOPT UNPACKING pc=0x0000021a1c1f2b43 sp=0x0000007e104fe278 mode 3
Event: 5807.865 Thread 0x0000021a332af900 DEOPT PACKING pc=0x0000021a1c97b354 sp=0x0000007e102fed10
Event: 5807.865 Thread 0x0000021a332af900 DEOPT UNPACKING pc=0x0000021a1c1f2b43 sp=0x0000007e102fe1b8 mode 0

Classes unloaded (20 events):
Event: 116.025 Thread 0x0000021a310206d0 Unloading class 0x0000000800650400 'jdk/internal/reflect/GeneratedConstructorAccessor18'
Event: 116.025 Thread 0x0000021a310206d0 Unloading class 0x00000008004f4400 'java/lang/invoke/LambdaForm$MH+0x00000008004f4400'
Event: 116.025 Thread 0x0000021a310206d0 Unloading class 0x00000008004f4000 'java/lang/invoke/LambdaForm$MH+0x00000008004f4000'
Event: 116.025 Thread 0x0000021a310206d0 Unloading class 0x00000008004f3c00 'java/lang/invoke/LambdaForm$MH+0x00000008004f3c00'
Event: 116.025 Thread 0x0000021a310206d0 Unloading class 0x00000008004f3800 'java/lang/invoke/LambdaForm$MH+0x00000008004f3800'
Event: 116.025 Thread 0x0000021a310206d0 Unloading class 0x00000008004f3400 'java/lang/invoke/LambdaForm$MH+0x00000008004f3400'
Event: 116.025 Thread 0x0000021a310206d0 Unloading class 0x00000008004f3000 'java/lang/invoke/LambdaForm$MH+0x00000008004f3000'
Event: 116.025 Thread 0x0000021a310206d0 Unloading class 0x00000008004f2400 'java/lang/invoke/LambdaForm$MH+0x00000008004f2400'
Event: 116.025 Thread 0x0000021a310206d0 Unloading class 0x00000008004f1c00 'java/lang/invoke/LambdaForm$MH+0x00000008004f1c00'
Event: 116.025 Thread 0x0000021a310206d0 Unloading class 0x00000008004f1800 'java/lang/invoke/LambdaForm$MH+0x00000008004f1800'
Event: 116.025 Thread 0x0000021a310206d0 Unloading class 0x00000008004f1400 'java/lang/invoke/LambdaForm$MH+0x00000008004f1400'
Event: 116.025 Thread 0x0000021a310206d0 Unloading class 0x00000008004f0c00 'java/lang/invoke/LambdaForm$MH+0x00000008004f0c00'
Event: 116.025 Thread 0x0000021a310206d0 Unloading class 0x00000008004f0800 'java/lang/invoke/LambdaForm$MH+0x00000008004f0800'
Event: 116.025 Thread 0x0000021a310206d0 Unloading class 0x00000008004a0800 'jdk/internal/reflect/GeneratedMethodAccessor25'
Event: 116.025 Thread 0x0000021a310206d0 Unloading class 0x000000080034d400 'java/lang/invoke/LambdaForm$MH+0x000000080034d400'
Event: 116.025 Thread 0x0000021a310206d0 Unloading class 0x000000080034d000 'java/lang/invoke/LambdaForm$MH+0x000000080034d000'
Event: 116.025 Thread 0x0000021a310206d0 Unloading class 0x00000008000d0000 'java/lang/invoke/LambdaForm$MH+0x00000008000d0000'
Event: 6032.295 Thread 0x0000021a310206d0 Unloading class 0x0000000800650400 'java/lang/invoke/LambdaForm$MH+0x0000000800650400'
Event: 6032.295 Thread 0x0000021a310206d0 Unloading class 0x0000000800652800 'java/lang/invoke/LambdaForm$MH+0x0000000800652800'
Event: 6032.295 Thread 0x0000021a310206d0 Unloading class 0x000000080065c800 'java/lang/invoke/LambdaForm$MH+0x000000080065c800'

Classes redefined (0 events):
No events

Internal exceptions (20 events):
Event: 7.906 Thread 0x0000021a332edc90 Exception <a 'sun/nio/fs/WindowsException'{0x00000006b1c84850}> (0x00000006b1c84850) 
thrown [s\src\hotspot\share\prims\jni.cpp, line 516]
Event: 7.906 Thread 0x0000021a332edc90 Exception <a 'sun/nio/fs/WindowsException'{0x00000006b1c85238}> (0x00000006b1c85238) 
thrown [s\src\hotspot\share\prims\jni.cpp, line 516]
Event: 7.907 Thread 0x0000021a332edc90 Exception <a 'sun/nio/fs/WindowsException'{0x00000006b1c855d8}> (0x00000006b1c855d8) 
thrown [s\src\hotspot\share\prims\jni.cpp, line 516]
Event: 7.907 Thread 0x0000021a332edc90 Exception <a 'sun/nio/fs/WindowsException'{0x00000006b1c85fd0}> (0x00000006b1c85fd0) 
thrown [s\src\hotspot\share\prims\jni.cpp, line 516]
Event: 7.907 Thread 0x0000021a332edc90 Exception <a 'sun/nio/fs/WindowsException'{0x00000006b1c86388}> (0x00000006b1c86388) 
thrown [s\src\hotspot\share\prims\jni.cpp, line 516]
Event: 7.907 Thread 0x0000021a332edc90 Exception <a 'sun/nio/fs/WindowsException'{0x00000006b1c86d70}> (0x00000006b1c86d70) 
thrown [s\src\hotspot\share\prims\jni.cpp, line 516]
Event: 7.907 Thread 0x0000021a332edc90 Exception <a 'sun/nio/fs/WindowsException'{0x00000006b1c87118}> (0x00000006b1c87118) 
thrown [s\src\hotspot\share\prims\jni.cpp, line 516]
Event: 7.907 Thread 0x0000021a332edc90 Exception <a 'sun/nio/fs/WindowsException'{0x00000006b1c87b10}> (0x00000006b1c87b10) 
thrown [s\src\hotspot\share\prims\jni.cpp, line 516]
Event: 7.907 Thread 0x0000021a332edc90 Exception <a 'sun/nio/fs/WindowsException'{0x00000006b1c87ec8}> (0x00000006b1c87ec8) 
thrown [s\src\hotspot\share\prims\jni.cpp, line 516]
Event: 7.907 Thread 0x0000021a332edc90 Exception <a 'sun/nio/fs/WindowsException'{0x00000006b1c888d8}> (0x00000006b1c888d8) 
thrown [s\src\hotspot\share\prims\jni.cpp, line 516]
Event: 7.907 Thread 0x0000021a332edc90 Exception <a 'sun/nio/fs/WindowsException'{0x00000006b1c88cb0}> (0x00000006b1c88cb0) 
thrown [s\src\hotspot\share\prims\jni.cpp, line 516]
Event: 7.907 Thread 0x0000021a332edc90 Exception <a 'sun/nio/fs/WindowsException'{0x00000006b1c896d8}> (0x00000006b1c896d8) 
thrown [s\src\hotspot\share\prims\jni.cpp, line 516]
Event: 7.907 Thread 0x0000021a332edc90 Exception <a 'sun/nio/fs/WindowsException'{0x00000006b1c89ac8}> (0x00000006b1c89ac8) 
thrown [s\src\hotspot\share\prims\jni.cpp, line 516]
Event: 7.908 Thread 0x0000021a332edc90 Exception <a 'sun/nio/fs/WindowsException'{0x00000006b1c8a4e8}> (0x00000006b1c8a4e8) 
thrown [s\src\hotspot\share\prims\jni.cpp, line 516]
Event: 7.908 Thread 0x0000021a332edc90 Exception <a 'sun/nio/fs/WindowsException'{0x00000006b1c8a8d0}> (0x00000006b1c8a8d0) 
thrown [s\src\hotspot\share\prims\jni.cpp, line 516]
Event: 45.099 Thread 0x0000021a32c2e620 Exception <a 'java/lang/NoSuchMethodError'{0x00000006d0b4e350}: 'void java.lang.invoke.DirectMethodHandle$Holder.invokeStatic(java.lang.Object, long)'> (0x00000006d0b4e350) 
thrown [s\src\hotspot\share\interpreter\linkResolver.cpp, line 759]
Event: 45.099 Thread 0x0000021a32c2e620 Exception <a 'java/lang/NoSuchMethodError'{0x00000006d0b536f8}: 'java.lang.Object java.lang.invoke.DirectMethodHandle$Holder.newInvokeSpecial(java.lang.Object, long)'> (0x00000006d0b536f8) 
thrown [s\src\hotspot\share\interpreter\linkResolver.cpp, line 759]
Event: 45.100 Thread 0x0000021a32c2e620 Exception <a 'java/lang/NoSuchMethodError'{0x00000006d0b5a270}: 'java.lang.Object java.lang.invoke.DirectMethodHandle$Holder.invokeStatic(java.lang.Object, java.lang.Object, long, java.lang.Object)'> (0x00000006d0b5a270) 
thrown [s\src\hotspot\share\interpreter\linkResolver.cpp, line 759]
Event: 45.100 Thread 0x0000021a32c2e620 Exception <a 'java/lang/NoSuchMethodError'{0x00000006d0b5dd08}: 'java.lang.Object java.lang.invoke.DirectMethodHandle$Holder.invokeStaticInit(java.lang.Object, java.lang.Object, long, java.lang.Object)'> (0x00000006d0b5dd08) 
thrown [s\src\hotspot\share\interpreter\linkResolver.cpp, line 759]
Event: 45.100 Thread 0x0000021a32c2e620 Exception <a 'java/lang/NoSuchMethodError'{0x00000006d0b64038}: 'java.lang.Object java.lang.invoke.DirectMethodHandle$Holder.newInvokeSpecial(java.lang.Object, java.lang.Object, long)'> (0x00000006d0b64038) 
thrown [s\src\hotspot\share\interpreter\linkResolver.cpp, line 759]

VM Operations (20 events):
Event: 29255.216 Executing VM operation: G1CollectFull done
Event: 29265.293 Executing VM operation: G1CollectFull
Event: 29265.315 Executing VM operation: G1CollectFull done
Event: 29275.406 Executing VM operation: G1CollectFull
Event: 29275.429 Executing VM operation: G1CollectFull done
Event: 29285.509 Executing VM operation: G1CollectFull
Event: 29285.533 Executing VM operation: G1CollectFull done
Event: 29295.614 Executing VM operation: G1CollectFull
Event: 29295.636 Executing VM operation: G1CollectFull done
Event: 29305.711 Executing VM operation: G1CollectFull
Event: 29305.735 Executing VM operation: G1CollectFull done
Event: 29315.819 Executing VM operation: G1CollectFull
Event: 29315.841 Executing VM operation: G1CollectFull done
Event: 29325.943 Executing VM operation: G1CollectFull
Event: 29325.971 Executing VM operation: G1CollectFull done
Event: 29336.103 Executing VM operation: G1CollectFull
Event: 29336.134 Executing VM operation: G1CollectFull done
Event: 29346.304 Executing VM operation: G1CollectFull
Event: 29346.339 Executing VM operation: G1CollectFull done
Event: 29356.369 Executing VM operation: G1CollectFull

Events (20 events):
Event: 28907.502 loading class sun/util/cldr/CLDRTimeZoneNameProviderImpl
Event: 28907.505 loading class sun/util/locale/provider/TimeZoneNameProviderImpl
Event: 28907.505 loading class sun/util/locale/provider/TimeZoneNameProviderImpl done
Event: 28907.505 loading class sun/util/cldr/CLDRTimeZoneNameProviderImpl done
Event: 28907.506 loading class sun/util/locale/provider/BaseLocaleDataMetaInfo
Event: 28907.507 loading class sun/util/locale/provider/BaseLocaleDataMetaInfo done
Event: 28907.509 loading class sun/util/resources/cldr/TimeZoneNames
Event: 28907.510 loading class sun/util/resources/TimeZoneNamesBundle
Event: 28907.511 loading class sun/util/resources/OpenListResourceBundle
Event: 28907.511 loading class sun/util/resources/OpenListResourceBundle done
Event: 28907.511 loading class sun/util/resources/TimeZoneNamesBundle done
Event: 28907.511 loading class sun/util/resources/cldr/TimeZoneNames done
Event: 28907.511 loading class sun/util/resources/cldr/TimeZoneNames_en
Event: 28907.516 loading class sun/util/resources/cldr/TimeZoneNames_en done
Event: 28907.516 loading class sun/util/resources/cldr/TimeZoneNames_en_US
Event: 28907.516 loading class sun/util/resources/cldr/TimeZoneNames_en_US done
Event: 28907.518 loading class sun/util/resources/TimeZoneNames
Event: 28907.521 loading class sun/util/resources/TimeZoneNames done
Event: 28907.521 loading class sun/util/resources/TimeZoneNames_en
Event: 28907.521 loading class sun/util/resources/TimeZoneNames_en done


Dynamic libraries:
0x00007ff7303c0000 - 0x00007ff7303ce000 	c:\Users\Juju\.vscode\extensions\redhat.java-1.11.0-win32-x64\jre\17.0.4.1-win32-x86_64\bin\java.exe
0x00007fff04830000 - 0x00007fff04a44000 	C:\WINDOWS\SYSTEM32\ntdll.dll
0x00007fff03570000 - 0x00007fff03632000 	C:\WINDOWS\System32\KERNEL32.DLL
0x00007fff01c60000 - 0x00007fff01ffc000 	C:\WINDOWS\System32\KERNELBASE.dll
0x00007fff02450000 - 0x00007fff02561000 	C:\WINDOWS\System32\ucrtbase.dll
0x00007ffee3100000 - 0x00007ffee3118000 	c:\Users\Juju\.vscode\extensions\redhat.java-1.11.0-win32-x64\jre\17.0.4.1-win32-x86_64\bin\jli.dll
0x00007ffee3270000 - 0x00007ffee3289000 	c:\Users\Juju\.vscode\extensions\redhat.java-1.11.0-win32-x64\jre\17.0.4.1-win32-x86_64\bin\VCRUNTIME140.dll
0x00007fff02e10000 - 0x00007fff02fba000 	C:\WINDOWS\System32\USER32.dll
0x00007ffeec9c0000 - 0x00007ffeecc4e000 	C:\WINDOWS\WinSxS\amd64_microsoft.windows.common-controls_6595b64144ccf1df_6.0.22621.608_none_a9444ca7c10bb01d\COMCTL32.dll
0x00007fff02000000 - 0x00007fff02026000 	C:\WINDOWS\System32\win32u.dll
0x00007fff02630000 - 0x00007fff026d7000 	C:\WINDOWS\System32\msvcrt.dll
0x00007fff02d90000 - 0x00007fff02db9000 	C:\WINDOWS\System32\GDI32.dll
0x00007fff02030000 - 0x00007fff02142000 	C:\WINDOWS\System32\gdi32full.dll
0x00007fff022c0000 - 0x00007fff0235a000 	C:\WINDOWS\System32\msvcp_win.dll
0x00007fff03920000 - 0x00007fff03951000 	C:\WINDOWS\System32\IMM32.DLL
0x00007ffee6e50000 - 0x00007ffee6e5c000 	c:\Users\Juju\.vscode\extensions\redhat.java-1.11.0-win32-x64\jre\17.0.4.1-win32-x86_64\bin\vcruntime140_1.dll
0x00007ffe994f0000 - 0x00007ffe99581000 	c:\Users\Juju\.vscode\extensions\redhat.java-1.11.0-win32-x64\jre\17.0.4.1-win32-x86_64\bin\msvcp140.dll
0x00007ffe82ca0000 - 0x00007ffe838e6000 	c:\Users\Juju\.vscode\extensions\redhat.java-1.11.0-win32-x64\jre\17.0.4.1-win32-x86_64\bin\server\jvm.dll
0x00007fff037e0000 - 0x00007fff0388e000 	C:\WINDOWS\System32\ADVAPI32.dll
0x00007fff03960000 - 0x00007fff03a04000 	C:\WINDOWS\System32\sechost.dll
0x00007fff03cc0000 - 0x00007fff03dd5000 	C:\WINDOWS\System32\RPCRT4.dll
0x00007fff03910000 - 0x00007fff03918000 	C:\WINDOWS\System32\PSAPI.DLL
0x00007ffefbe30000 - 0x00007ffefbe64000 	C:\WINDOWS\SYSTEM32\WINMM.dll
0x00007ffef64e0000 - 0x00007ffef64e9000 	C:\WINDOWS\SYSTEM32\WSOCK32.dll
0x00007ffef84c0000 - 0x00007ffef84ca000 	C:\WINDOWS\SYSTEM32\VERSION.dll
0x00007fff03f00000 - 0x00007fff03f71000 	C:\WINDOWS\System32\WS2_32.dll
0x00007fff00ca0000 - 0x00007fff00cb8000 	C:\WINDOWS\SYSTEM32\kernel.appcore.dll
0x00007ffee6120000 - 0x00007ffee612a000 	c:\Users\Juju\.vscode\extensions\redhat.java-1.11.0-win32-x64\jre\17.0.4.1-win32-x86_64\bin\jimage.dll
0x00007ffef7570000 - 0x00007ffef779e000 	C:\WINDOWS\SYSTEM32\DBGHELP.DLL
0x00007fff02880000 - 0x00007fff02c09000 	C:\WINDOWS\System32\combase.dll
0x00007fff03a10000 - 0x00007fff03ae7000 	C:\WINDOWS\System32\OLEAUT32.dll
0x00007ffef3a10000 - 0x00007ffef3a42000 	C:\WINDOWS\SYSTEM32\dbgcore.DLL
0x00007fff02360000 - 0x00007fff023db000 	C:\WINDOWS\System32\bcryptPrimitives.dll
0x00007ffedda00000 - 0x00007ffedda25000 	c:\Users\Juju\.vscode\extensions\redhat.java-1.11.0-win32-x64\jre\17.0.4.1-win32-x86_64\bin\java.dll
0x00007ffedd9c0000 - 0x00007ffedd9d8000 	c:\Users\Juju\.vscode\extensions\redhat.java-1.11.0-win32-x64\jre\17.0.4.1-win32-x86_64\bin\zip.dll
0x00007fff04010000 - 0x00007fff047ed000 	C:\WINDOWS\System32\SHELL32.dll
0x00007ffeffc70000 - 0x00007fff00527000 	C:\WINDOWS\SYSTEM32\windows.storage.dll
0x00007ffeffb30000 - 0x00007ffeffc6d000 	C:\WINDOWS\SYSTEM32\wintypes.dll
0x00007fff03de0000 - 0x00007fff03ed1000 	C:\WINDOWS\System32\SHCORE.dll
0x00007fff03780000 - 0x00007fff037de000 	C:\WINDOWS\System32\shlwapi.dll
0x00007fff01b90000 - 0x00007fff01bb1000 	C:\WINDOWS\SYSTEM32\profapi.dll
0x00007ffedae70000 - 0x00007ffedae89000 	C:\Users\Juju\.vscode\extensions\redhat.java-1.11.0-win32-x64\jre\17.0.4.1-win32-x86_64\bin\net.dll
0x00007ffefc140000 - 0x00007ffefc26f000 	C:\WINDOWS\SYSTEM32\WINHTTP.dll
0x00007fff010f0000 - 0x00007fff01159000 	C:\WINDOWS\system32\mswsock.dll
0x00007ffed9fe0000 - 0x00007ffed9ff5000 	C:\Users\Juju\.vscode\extensions\redhat.java-1.11.0-win32-x64\jre\17.0.4.1-win32-x86_64\bin\nio.dll
0x00007ffee40e0000 - 0x00007ffee40f0000 	c:\Users\Juju\.vscode\extensions\redhat.java-1.11.0-win32-x64\jre\17.0.4.1-win32-x86_64\bin\verify.dll
0x00007ffee3210000 - 0x00007ffee3219000 	C:\Users\Juju\.vscode\extensions\redhat.java-1.11.0-win32-x64\jre\17.0.4.1-win32-x86_64\bin\management.dll
0x00007ffee30f0000 - 0x00007ffee30fb000 	C:\Users\Juju\.vscode\extensions\redhat.java-1.11.0-win32-x64\jre\17.0.4.1-win32-x86_64\bin\management_ext.dll
0x00007ffeee420000 - 0x00007ffeee437000 	C:\WINDOWS\system32\napinsp.dll
0x00007ffeedbf0000 - 0x00007ffeedc0b000 	C:\WINDOWS\system32\pnrpnsp.dll
0x00007fff00840000 - 0x00007fff00932000 	C:\WINDOWS\SYSTEM32\DNSAPI.dll
0x00007fff00810000 - 0x00007fff0083d000 	C:\WINDOWS\SYSTEM32\IPHLPAPI.DLL
0x00007fff02fc0000 - 0x00007fff02fc9000 	C:\WINDOWS\System32\NSI.dll
0x00007ffeedbc0000 - 0x00007ffeedbd1000 	C:\WINDOWS\System32\winrnr.dll
0x00007ffeedba0000 - 0x00007ffeedbb5000 	C:\WINDOWS\system32\wshbth.dll
0x00007ffeedb70000 - 0x00007ffeedb91000 	C:\WINDOWS\system32\nlansp_c.dll
0x00007ffef97c0000 - 0x00007ffef97ca000 	C:\Windows\System32\rasadhlp.dll
0x00007ffefb4a0000 - 0x00007ffefb523000 	C:\WINDOWS\System32\fwpuclnt.dll
0x00007fff01470000 - 0x00007fff0148b000 	C:\WINDOWS\SYSTEM32\CRYPTSP.dll
0x00007fff00c10000 - 0x00007fff00c45000 	C:\WINDOWS\system32\rsaenh.dll
0x00007fff01190000 - 0x00007fff011b8000 	C:\WINDOWS\SYSTEM32\USERENV.dll
0x00007fff015c0000 - 0x00007fff015e8000 	C:\WINDOWS\SYSTEM32\bcrypt.dll
0x00007fff013e0000 - 0x00007fff013ec000 	C:\WINDOWS\SYSTEM32\CRYPTBASE.dll
0x00007ffefc120000 - 0x00007ffefc139000 	C:\WINDOWS\SYSTEM32\dhcpcsvc6.DLL
0x00007ffefc100000 - 0x00007ffefc11f000 	C:\WINDOWS\SYSTEM32\dhcpcsvc.DLL

dbghelp: loaded successfully - version: 4.0.5 - missing functions: none
symbol engine: initialized successfully - sym options: 0x614 - pdb path: .;c:\Users\Juju\.vscode\extensions\redhat.java-1.11.0-win32-x64\jre\17.0.4.1-win32-x86_64\bin;C:\WINDOWS\SYSTEM32;C:\WINDOWS\WinSxS\amd64_microsoft.windows.common-controls_6595b64144ccf1df_6.0.22621.608_none_a9444ca7c10bb01d;c:\Users\Juju\.vscode\extensions\redhat.java-1.11.0-win32-x64\jre\17.0.4.1-win32-x86_64\bin\server

VM Arguments:
jvm_args: -Dsts.lsp.client=vscode -Dsts.log.file=/dev/null -XX:TieredStopAtLevel=1 -Xlog:jni+resolve=off -Dspring.config.location=file:c:\Users\Juju\.vscode\extensions\pivotal.vscode-spring-boot-1.40.0\language-server\BOOT-INF\classes\application.properties 
java_command: org.springframework.ide.vscode.boot.app.BootLanguageServerBootApp
java_class_path (initial): c:\Users\Juju\.vscode\extensions\pivotal.vscode-spring-boot-1.40.0\language-server\BOOT-INF\classes;c:\Users\Juju\.vscode\extensions\pivotal.vscode-spring-boot-1.40.0\language-server\BOOT-INF\lib\annotations-23.0.0.jar;c:\Users\Juju\.vscode\extensions\pivotal.vscode-spring-boot-1.40.0\language-server\BOOT-INF\lib\ant-1.10.12.jar;c:\Users\Juju\.vscode\extensions\pivotal.vscode-spring-boot-1.40.0\language-server\BOOT-INF\lib\ant-launcher-1.10.12.jar;c:\Users\Juju\.vscode\extensions\pivotal.vscode-spring-boot-1.40.0\language-server\BOOT-INF\lib\antlr-runtime-3.5.2.jar;c:\Users\Juju\.vscode\extensions\pivotal.vscode-spring-boot-1.40.0\language-server\BOOT-INF\lib\antlr4-4.9.3.jar;c:\Users\Juju\.vscode\extensions\pivotal.vscode-spring-boot-1.40.0\language-server\BOOT-INF\lib\antlr4-runtime-4.9.3.jar;c:\Users\Juju\.vscode\extensions\pivotal.vscode-spring-boot-1.40.0\language-server\BOOT-INF\lib\asm-9.3.jar;c:\Users\Juju\.vscode\extensions\pivotal.vscode-spring-boot-1.40.0\language-server\BOOT-INF\lib\asm-analysis-9.3.jar;c:\Users\Juju\.vscode\extensions\pivotal.vscode-spring-boot-1.40.0\language-server\BOOT-INF\lib\asm-tree-9.3.jar;c:\Users\Juju\.vscode\extensions\pivotal.vscode-spring-boot-1.40.0\language-server\BOOT-INF\lib\asm-util-9.3.jar;c:\Users\Juju\.vscode\extensions\pivotal.vscode-spring-boot-1.40.0\language-server\BOOT-INF\lib\byte-buddy-1.12.13.jar;c:\Users\Juju\.vscode\extensions\pivotal.vscode-spring-boot-1.40.0\language-server\BOOT-INF\lib\caffeine-2.9.3.jar;c:\Users\Juju\.vscode\extensions\pivotal.vscode-spring-boot-1.40.0\language-server\BOOT-INF\lib\checker-qual-3.12.0.jar;c:\Users\Juju\.vscode\extensions\pivotal.vscode-spring-boot-1.40.0\language-server\BOOT-INF\lib\classgraph-4.8.149.jar;c:\Users\Juju\.vscode\extensions\pivotal.vscode-spring-boot-1.40.0\language-server\BOOT-INF\lib\commons-codec-1.15.jar;c:\Users\Juju\.vscode\extensions\pivotal.vscode-spring-boot-1.40.0\language-server\BOOT-INF\lib\commons-compress-1.21.jar;
Launcher Type: SUN_STANDARD

[Global flags]
     intx CICompilerCount                          = 12                                        {product} {ergonomic}
     uint ConcGCThreads                            = 3                                         {product} {ergonomic}
     uint G1ConcRefinementThreads                  = 13                                        {product} {ergonomic}
   size_t G1HeapRegionSize                         = 4194304                                   {product} {ergonomic}
    uintx GCDrainStackTargetSize                   = 64                                        {product} {ergonomic}
   size_t InitialHeapSize                          = 394264576                                 {product} {ergonomic}
   size_t MarkStackSize                            = 4194304                                   {product} {ergonomic}
   size_t MaxHeapSize                              = 6257901568                                {product} {ergonomic}
   size_t MaxNewSize                               = 3753902080                                {product} {ergonomic}
   size_t MinHeapDeltaBytes                        = 4194304                                   {product} {ergonomic}
   size_t MinHeapSize                              = 8388608                                   {product} {ergonomic}
    uintx NonProfiledCodeHeapSize                  = 0                                      {pd product} {ergonomic}
     bool ProfileInterpreter                       = false                                  {pd product} {command line}
    uintx ProfiledCodeHeapSize                     = 0                                      {pd product} {ergonomic}
   size_t SoftMaxHeapSize                          = 6257901568                             {manageable} {ergonomic}
     intx TieredStopAtLevel                        = 1                                         {product} {command line}
     bool UseCompressedClassPointers               = true                           {product lp64_product} {ergonomic}
     bool UseCompressedOops                        = true                           {product lp64_product} {ergonomic}
     bool UseG1GC                                  = true                                      {product} {ergonomic}
     bool UseLargePagesIndividualAllocation        = false                                  {pd product} {ergonomic}

Logging:
Log output configuration:
 #0: stdout all=warning,jni+resolve=off uptime,level,tags
 #1: stderr all=off uptime,level,tags

Environment Variables:
JAVA_HOME=C:\Users\Juju\AppData\Local\Programs\Eclipse Adoptium\jdk-17.0.4.101-hotspot\
PATH=C:\Program Files (x86)\Common Files\Oracle\Java\javapath;C:\Users\Juju\springboot-cli\bin;C:\Python310\;c:\windows\system32;c:\windows;c:\windows\system32\wbem;c:\windows\system32\windowspowershell\v1.0\;c:\windows\system32\openssh\;c:\program files\nvidia corporation\nvidia nvdlisr;C:\Program Files\Common Files\Autodesk Shared\;D:\NodeJS\;C:\ProgramData\chocolatey\bin;C:\Program Files\Microsoft SQL Server\120\Tools\Binn\;C:\Program Files (x86)\NVIDIA Corporation\PhysX\Common;C:\Program Files\dotnet\;C:\Program Files\Java\jdk-18.0.2.1\bin;C:\Program Files\Git\cmd;C:\Program Files\Docker\Docker\resources\bin;C:\ProgramData\DockerDesktop\version-bin;C:\Gradle\gradle-7.5.1\bin;;C:\WINDOWS\system32;C:\WINDOWS;C:\WINDOWS\System32\Wbem;C:\WINDOWS\System32\WindowsPowerShell\v1.0\;C:\WINDOWS\System32\OpenSSH\;C:\Users\Juju\AppData\Local\Programs\Eclipse Adoptium\jdk-17.0.4.101-hotspot\bin;C:\Users\Juju\AppData\Local\Microsoft\WindowsApps;C:\Users\Juju\AppData\Local\Programs\Microsoft VS Code\bin;C:\Users\Juju\AppData\Roaming\npm;C:\Users\Juju\AppData\Local\GitHubDesktop\bin;C:\Users\Juju\.dotnet\tools;
USERNAME=Juju
OS=Windows_NT
PROCESSOR_IDENTIFIER=AMD64 Family 25 Model 80 Stepping 0, AuthenticAMD
TMP=C:\Users\Juju\AppData\Local\Temp
TEMP=C:\Users\Juju\AppData\Local\Temp



---------------  S Y S T E M  ---------------

OS:
 Windows 11 , 64 bit Build 22621 (10.0.22621.608)
OS uptime: 1 days 11:33 hours
Hyper-V role detected

CPU: total 16 (initial active 16) (16 cores per cpu, 2 threads per core) family 25 model 80 stepping 0 microcode 0x0, cx8, cmov, fxsr, ht, mmx, 3dnowpref, sse, sse2, sse3, ssse3, sse4a, sse4.1, sse4.2, popcnt, lzcnt, tsc, tscinvbit, avx, avx2, aes, erms, clmul, bmi1, bmi2, adx, sha, fma, vzeroupper, clflush, clflushopt, hv

Memory: 4k page, system-wide physical 23857M (9168M free)
TotalPageFile size 52383M (AvailPageFile size 6M)
current process WorkingSet (physical memory assigned to process): 135M, peak: 1446M
current process commit charge ("private bytes"): 268M, peak: 1530M

vm_info: OpenJDK 64-Bit Server VM (17.0.4.1+1) for windows-amd64 JRE (17.0.4.1+1), built on Aug 17 2022 07:42:43 by "temurin" with MS VC++ 16.7 (VS2019)

END.
